modules/volt-shield/android/build/intermediates/manifest_merge_blame_file/debug/processDebugManifest/manifest-merger-blame-debug-report.txt
1<?xml version="1.0" encoding="utf-8"?>
2<manifest xmlns:android="http://schemas.android.com/apk/res/android"
3    xmlns:tools="http://schemas.android.com/tools"
4    package="expo.modules.voltshield" >
5
6    <uses-sdk android:minSdkVersion="24" />
7
8    <uses-permission
8-->src/main/AndroidManifest.xml:3:3-5:43
9        android:name="android.permission.PACKAGE_USAGE_STATS"
9-->src/main/AndroidManifest.xml:4:5-58
10        tools:ignore="ProtectedPermissions" />
10-->src/main/AndroidManifest.xml:5:5-40
11
12    <application>
12-->src/main/AndroidManifest.xml:7:3-19:17
13        <service
13-->src/main/AndroidManifest.xml:8:5-18:15
14            android:name="expo.modules.voltshield.VoltShieldAccessibilityService"
14-->src/main/AndroidManifest.xml:9:7-76
15            android:exported="true"
15-->src/main/AndroidManifest.xml:11:7-30
16            android:permission="android.permission.BIND_ACCESSIBILITY_SERVICE" >
16-->src/main/AndroidManifest.xml:10:7-73
17            <intent-filter>
17-->src/main/AndroidManifest.xml:12:7-14:23
18                <action android:name="android.accessibilityservice.AccessibilityService" />
18-->src/main/AndroidManifest.xml:13:9-84
18-->src/main/AndroidManifest.xml:13:17-81
19            </intent-filter>
20
21            <meta-data
21-->src/main/AndroidManifest.xml:15:7-17:69
22                android:name="android.accessibilityservice"
22-->src/main/AndroidManifest.xml:16:9-52
23                android:resource="@xml/volt_shield_accessibility_service" />
23-->src/main/AndroidManifest.xml:17:9-66
24        </service>
25    </application>
26
27</manifest>